#
# There is insufficient memory for the Java Runtime Environment to continue.
# Native memory allocation (malloc) failed to allocate 262160 bytes for Chunk::new
# Possible reasons:
#   The system is out of physical RAM or swap space
#   The process is running with CompressedOops enabled, and the Java Heap may be blocking the growth of the native heap
# Possible solutions:
#   Reduce memory load on the system
#   Increase physical memory or swap space
#   Check if swap backing store is full
#   Decrease Java heap size (-Xmx/-Xms)
#   Decrease number of Java threads
#   Decrease Java thread stack sizes (-Xss)
#   Set larger code cache with -XX:ReservedCodeCacheSize=
#   JVM is running with Unscaled Compressed Oops mode in which the Java heap is
#     placed in the first 4GB address space. The Java Heap base address is the
#     maximum limit for the native heap growth. Please use -XX:HeapBaseMinAddress
#     to set the Java Heap base and to place the Java Heap above 4GB virtual address.
# This output file may be truncated or incomplete.
#
#  Out of Memory Error (allocation.cpp:389), pid=3372, tid=0x0000000000002534
#
# JRE version: Java(TM) SE Runtime Environment (8.0_221-b11) (build 1.8.0_221-b11)
# Java VM: Java HotSpot(TM) 64-Bit Server VM (25.221-b11 mixed mode windows-amd64 compressed oops)
# Failed to write core dump. Minidumps are not enabled by default on client versions of Windows
#

---------------  T H R E A D  ---------------

Current thread (0x0000000015ee2000):  JavaThread "C2 CompilerThread0" daemon [_thread_in_native, id=9524, stack(0x0000000017540000,0x0000000017640000)]

Stack: [0x0000000017540000,0x0000000017640000]
[error occurred during error reporting (printing stack bounds), id 0xc0000005]

Native frames: (J=compiled Java code, j=interpreted, Vv=VM code, C=native code)


Current CompileTask:
C2:6112361 12951   !   4       java.util.Formatter::format (271 bytes)


---------------  P R O C E S S  ---------------

Java Threads: ( => current thread )
  0x00000000189c8800 JavaThread "Cache worker for Build Output Cleanup Cache (C:\Users\Naveen\AndroidStudioProjects\DocAssitant\.gradle\buildOutputCleanup)" [_thread_blocked, id=5368, stack(0x0000000022720000,0x0000000022820000)]
  0x00000000189c4800 JavaThread "pool-3-thread-1" [_thread_blocked, id=4320, stack(0x0000000022220000,0x0000000022320000)]
  0x00000000189c4000 JavaThread "Build operations Thread 4" [_thread_blocked, id=9068, stack(0x0000000022120000,0x0000000022220000)]
  0x00000000189c7000 JavaThread "Build operations Thread 3" [_thread_blocked, id=10048, stack(0x0000000022020000,0x0000000022120000)]
  0x00000000189c9000 JavaThread "Build operations Thread 2" [_thread_blocked, id=14160, stack(0x0000000021f20000,0x0000000022020000)]
  0x00000000189bc800 JavaThread "Build operations" [_thread_blocked, id=6408, stack(0x0000000021e20000,0x0000000021f20000)]
  0x00000000189bd000 JavaThread "Cache worker for cache directory md-rule (C:\Users\Naveen\.gradle\caches\5.6.4\md-rule)" [_thread_blocked, id=8908, stack(0x0000000021d20000,0x0000000021e20000)]
  0x00000000189c3000 JavaThread "Cache worker for cache directory md-supplier (C:\Users\Naveen\.gradle\caches\5.6.4\md-supplier)" [_thread_blocked, id=1688, stack(0x0000000021820000,0x0000000021920000)]
  0x00000000189bb800 JavaThread "Cache worker for file hash cache (C:\Users\Naveen\AndroidStudioProjects\DocAssitant\.gradle\5.6.4\fileHashes)" [_thread_blocked, id=3872, stack(0x000000001e000000,0x000000001e100000)]
  0x00000000189c2800 JavaThread "Thread-28" [_thread_blocked, id=364, stack(0x000000001b760000,0x000000001b860000)]
  0x00000000189c1800 JavaThread "Stdin handler" [_thread_blocked, id=14048, stack(0x000000001b660000,0x000000001b760000)]
  0x00000000189c0000 JavaThread "Asynchronous log dispatcher for DefaultDaemonConnection: socket connection from /127.0.0.1:1735 to /127.0.0.1:1986" [_thread_blocked, id=7424, stack(0x000000001b560000,0x000000001b660000)]
  0x00000000189bf800 JavaThread "Daemon worker Thread 2" [_thread_in_native, id=1708, stack(0x000000001b460000,0x000000001b560000)]
  0x00000000189bb000 JavaThread "Cancel handler" [_thread_blocked, id=3264, stack(0x000000001b360000,0x000000001b460000)]
  0x00000000189be800 JavaThread "Handler for socket connection from /127.0.0.1:1735 to /127.0.0.1:1986" [_thread_in_native, id=7704, stack(0x000000001b060000,0x000000001b160000)]
  0x00000000189ba000 JavaThread "Daemon Thread 2" [_thread_blocked, id=12788, stack(0x000000001af60000,0x000000001b060000)]
  0x00000000189be000 JavaThread "Memory manager" [_thread_blocked, id=12676, stack(0x0000000023370000,0x0000000023470000)]
  0x0000000017bb7800 JavaThread "Cache worker for execution history cache (C:\Users\Naveen\.gradle\caches\5.6.4\executionHistory)" [_thread_blocked, id=12192, stack(0x0000000020d20000,0x0000000020e20000)]
  0x0000000017bb6800 JavaThread "Cache worker for journal cache (C:\Users\Naveen\.gradle\caches\journal-1)" [_thread_blocked, id=12172, stack(0x000000001bc60000,0x000000001bd60000)]
  0x0000000017bb9000 JavaThread "File lock request listener" [_thread_in_native, id=9352, stack(0x000000001bb60000,0x000000001bc60000)]
  0x0000000017bb6000 JavaThread "Cache worker for file hash cache (C:\Users\Naveen\.gradle\caches\5.6.4\fileHashes)" [_thread_blocked, id=2544, stack(0x000000001b860000,0x000000001b960000)]
  0x0000000019963000 JavaThread "Daemon periodic checks" [_thread_blocked, id=8292, stack(0x000000001ae60000,0x000000001af60000)]
  0x0000000019960800 JavaThread "Incoming local TCP Connector on port 1735" [_thread_in_native, id=9460, stack(0x000000001ac20000,0x000000001ad20000)]
  0x000000001983a000 JavaThread "Daemon health stats" [_thread_blocked, id=8336, stack(0x000000001a5e0000,0x000000001a6e0000)]
  0x0000000017869000 JavaThread "Service Thread" daemon [_thread_blocked, id=11844, stack(0x0000000017c40000,0x0000000017d40000)]
  0x0000000015f35800 JavaThread "C1 CompilerThread2" daemon [_thread_blocked, id=5668, stack(0x0000000017740000,0x0000000017840000)]
  0x0000000015ee5000 JavaThread "C2 CompilerThread1" daemon [_thread_blocked, id=8224, stack(0x0000000017640000,0x0000000017740000)]
=>0x0000000015ee2000 JavaThread "C2 CompilerThread0" daemon [_thread_in_native, id=9524, stack(0x0000000017540000,0x0000000017640000)]
  0x0000000015ede800 JavaThread "Attach Listener" daemon [_thread_blocked, id=4432, stack(0x0000000017440000,0x0000000017540000)]
  0x0000000015edb800 JavaThread "Signal Dispatcher" daemon [_thread_blocked, id=11592, stack(0x0000000017340000,0x0000000017440000)]
  0x000000000256b000 JavaThread "Finalizer" daemon [_thread_blocked, id=11440, stack(0x0000000017140000,0x0000000017240000)]
  0x0000000015eca000 JavaThread "Reference Handler" daemon [_thread_blocked, id=4452, stack(0x0000000017040000,0x0000000017140000)]
  0x0000000000b6e800 JavaThread "main" [_thread_blocked, id=1140, stack(0x0000000002370000,0x0000000002470000)]

Other Threads:
  0x0000000015ea7000 VMThread [stack: 0x0000000016f40000,0x0000000017040000] [id=9264]
  0x000000001786a000 WatcherThread [stack: 0x0000000017d40000,0x0000000017e40000] [id=3556]

VM state:not at safepoint (normal execution)

VM Mutex/Monitor currently owned by a thread: None

heap address: 0x00000000a0000000, size: 1536 MB, Compressed Oops mode: 32-bit
Narrow klass base: 0x0000000000000000, Narrow klass shift: 3
Compressed class space size: 1073741824 Address: 0x0000000100000000

Heap:
 PSYoungGen      total 461312K, used 456719K [0x00000000e0000000, 0x0000000100000000, 0x0000000100000000)
  eden space 436224K, 99% used [0x00000000e0000000,0x00000000fa60f4e8,0x00000000faa00000)
  from space 25088K, 97% used [0x00000000faa00000,0x00000000fc1f4778,0x00000000fc280000)
  to   space 29184K, 0% used [0x00000000fe380000,0x00000000fe380000,0x0000000100000000)
 ParOldGen       total 111616K, used 46930K [0x00000000a0000000, 0x00000000a6d00000, 0x00000000e0000000)
  object space 111616K, 42% used [0x00000000a0000000,0x00000000a2dd4a00,0x00000000a6d00000)
 Metaspace       used 79615K, capacity 82866K, committed 83160K, reserved 1122304K
  class space    used 10534K, capacity 11193K, committed 11264K, reserved 1048576K

Card table byte_map: [0x0000000011930000,0x0000000011c40000] byte_map_base: 0x0000000011430000

Marking Bits: (ParMarkBitMap*) 0x0000000062665ce0
 Begin Bits: [0x0000000012240000, 0x0000000013a40000)
 End Bits:   [0x0000000013a40000, 0x0000000015240000)

Polling page: 0x00000000001e0000

CodeCache: size=245760Kb used=35801Kb max_used=35948Kb free=209958Kb
 bounds [0x0000000002570000, 0x00000000048c0000, 0x0000000011570000]
 total_blobs=11429 nmethods=10567 adapters=773
 compilation: enabled

Compilation events (10 events):
Event: 6112.324 Thread 0x0000000015f35800 12946       3       java.util.stream.IntPipeline$9$1::accept (27 bytes)
Event: 6112.357 Thread 0x0000000015f35800 nmethod 12946 0x0000000002a6b610 code [0x0000000002a6b780, 0x0000000002a6bab8]
Event: 6112.357 Thread 0x0000000015f35800 12948       3       org.gradle.api.internal.file.collections.FileCollectionAdapter::<init> (10 bytes)
Event: 6112.357 Thread 0x0000000015f35800 nmethod 12948 0x0000000002980310 code [0x0000000002980480, 0x00000000029806b0]
Event: 6112.357 Thread 0x0000000015f35800 12942       3       org.gradle.internal.io.StreamByteBuffer$StreamByteBufferOutputStream::write (22 bytes)
Event: 6112.357 Thread 0x0000000015f35800 nmethod 12942 0x000000000297fcd0 code [0x000000000297fe60, 0x0000000002980128]
Event: 6112.357 Thread 0x0000000015f35800 12947       1       groovy.lang.Closure::getDelegate (5 bytes)
Event: 6112.358 Thread 0x0000000015f35800 nmethod 12947 0x0000000002a6b2d0 code [0x0000000002a6b420, 0x0000000002a6b530]
Event: 6112.358 Thread 0x0000000015f35800 12952       3       java.util.ArrayList::fastRemove (57 bytes)
Event: 6112.358 Thread 0x0000000015f35800 nmethod 12952 0x000000000297f610 code [0x000000000297f780, 0x000000000297fb68]

GC Heap History (10 events):
Event: 53.975 GC heap before
{Heap before GC invocations=18 (full 2):
 PSYoungGen      total 327168K, used 312034K [0x00000000e0000000, 0x00000000f8b80000, 0x0000000100000000)
  eden space 311296K, 100% used [0x00000000e0000000,0x00000000f3000000,0x00000000f3000000)
  from space 15872K, 4% used [0x00000000f3000000,0x00000000f30b88c0,0x00000000f3f80000)
  to   space 15872K, 0% used [0x00000000f7c00000,0x00000000f7c00000,0x00000000f8b80000)
 ParOldGen       total 73728K, used 26819K [0x00000000a0000000, 0x00000000a4800000, 0x00000000e0000000)
  object space 73728K, 36% used [0x00000000a0000000,0x00000000a1a30ed8,0x00000000a4800000)
 Metaspace       used 53292K, capacity 54656K, committed 54912K, reserved 1097728K
  class space    used 6958K, capacity 7272K, committed 7296K, reserved 1048576K
Event: 53.983 GC heap after
Heap after GC invocations=18 (full 2):
 PSYoungGen      total 389120K, used 7900K [0x00000000e0000000, 0x00000000f9200000, 0x0000000100000000)
  eden space 373248K, 0% used [0x00000000e0000000,0x00000000e0000000,0x00000000f6c80000)
  from space 15872K, 49% used [0x00000000f7c00000,0x00000000f83b73e0,0x00000000f8b80000)
  to   space 15872K, 0% used [0x00000000f6c80000,0x00000000f6c80000,0x00000000f7c00000)
 ParOldGen       total 73728K, used 26827K [0x00000000a0000000, 0x00000000a4800000, 0x00000000e0000000)
  object space 73728K, 36% used [0x00000000a0000000,0x00000000a1a32ed8,0x00000000a4800000)
 Metaspace       used 53292K, capacity 54656K, committed 54912K, reserved 1097728K
  class space    used 6958K, capacity 7272K, committed 7296K, reserved 1048576K
}
Event: 54.672 GC heap before
{Heap before GC invocations=19 (full 2):
 PSYoungGen      total 389120K, used 95630K [0x00000000e0000000, 0x00000000f9200000, 0x0000000100000000)
  eden space 373248K, 23% used [0x00000000e0000000,0x00000000e55ac528,0x00000000f6c80000)
  from space 15872K, 49% used [0x00000000f7c00000,0x00000000f83b73e0,0x00000000f8b80000)
  to   space 15872K, 0% used [0x00000000f6c80000,0x00000000f6c80000,0x00000000f7c00000)
 ParOldGen       total 73728K, used 26827K [0x00000000a0000000, 0x00000000a4800000, 0x00000000e0000000)
  object space 73728K, 36% used [0x00000000a0000000,0x00000000a1a32ed8,0x00000000a4800000)
 Metaspace       used 57567K, capacity 59062K, committed 59096K, reserved 1099776K
  class space    used 7569K, capacity 7912K, committed 7936K, reserved 1048576K
Event: 54.687 GC heap after
Heap after GC invocations=19 (full 2):
 PSYoungGen      total 389120K, used 13000K [0x00000000e0000000, 0x00000000fd380000, 0x0000000100000000)
  eden space 373248K, 0% used [0x00000000e0000000,0x00000000e0000000,0x00000000f6c80000)
  from space 15872K, 81% used [0x00000000f6c80000,0x00000000f7932168,0x00000000f7c00000)
  to   space 17408K, 0% used [0x00000000fc280000,0x00000000fc280000,0x00000000fd380000)
 ParOldGen       total 73728K, used 26835K [0x00000000a0000000, 0x00000000a4800000, 0x00000000e0000000)
  object space 73728K, 36% used [0x00000000a0000000,0x00000000a1a34ed8,0x00000000a4800000)
 Metaspace       used 57567K, capacity 59062K, committed 59096K, reserved 1099776K
  class space    used 7569K, capacity 7912K, committed 7936K, reserved 1048576K
}
Event: 54.687 GC heap before
{Heap before GC invocations=20 (full 3):
 PSYoungGen      total 389120K, used 13000K [0x00000000e0000000, 0x00000000fd380000, 0x0000000100000000)
  eden space 373248K, 0% used [0x00000000e0000000,0x00000000e0000000,0x00000000f6c80000)
  from space 15872K, 81% used [0x00000000f6c80000,0x00000000f7932168,0x00000000f7c00000)
  to   space 17408K, 0% used [0x00000000fc280000,0x00000000fc280000,0x00000000fd380000)
 ParOldGen       total 73728K, used 26835K [0x00000000a0000000, 0x00000000a4800000, 0x00000000e0000000)
  object space 73728K, 36% used [0x00000000a0000000,0x00000000a1a34ed8,0x00000000a4800000)
 Metaspace       used 57567K, capacity 59062K, committed 59096K, reserved 1099776K
  class space    used 7569K, capacity 7912K, committed 7936K, reserved 1048576K
Event: 54.873 GC heap after
Heap after GC invocations=20 (full 3):
 PSYoungGen      total 389120K, used 0K [0x00000000e0000000, 0x00000000fd380000, 0x0000000100000000)
  eden space 373248K, 0% used [0x00000000e0000000,0x00000000e0000000,0x00000000f6c80000)
  from space 15872K, 0% used [0x00000000f6c80000,0x00000000f6c80000,0x00000000f7c00000)
  to   space 17408K, 0% used [0x00000000fc280000,0x00000000fc280000,0x00000000fd380000)
 ParOldGen       total 111616K, used 34419K [0x00000000a0000000, 0x00000000a6d00000, 0x00000000e0000000)
  object space 111616K, 30% used [0x00000000a0000000,0x00000000a219cef8,0x00000000a6d00000)
 Metaspace       used 57507K, capacity 58932K, committed 59096K, reserved 1099776K
  class space    used 7551K, capacity 7890K, committed 7936K, reserved 1048576K
}
Event: 109.520 GC heap before
{Heap before GC invocations=21 (full 3):
 PSYoungGen      total 389120K, used 373248K [0x00000000e0000000, 0x00000000fd380000, 0x0000000100000000)
  eden space 373248K, 100% used [0x00000000e0000000,0x00000000f6c80000,0x00000000f6c80000)
  from space 15872K, 0% used [0x00000000f6c80000,0x00000000f6c80000,0x00000000f7c00000)
  to   space 17408K, 0% used [0x00000000fc280000,0x00000000fc280000,0x00000000fd380000)
 ParOldGen       total 111616K, used 34419K [0x00000000a0000000, 0x00000000a6d00000, 0x00000000e0000000)
  object space 111616K, 30% used [0x00000000a0000000,0x00000000a219cef8,0x00000000a6d00000)
 Metaspace       used 72418K, capacity 75070K, committed 75224K, reserved 1114112K
  class space    used 9940K, capacity 10479K, committed 10496K, reserved 1048576K
Event: 109.556 GC heap after
Heap after GC invocations=21 (full 3):
 PSYoungGen      total 453632K, used 17386K [0x00000000e0000000, 0x00000000fe180000, 0x0000000100000000)
  eden space 436224K, 0% used [0x00000000e0000000,0x00000000e0000000,0x00000000faa00000)
  from space 17408K, 99% used [0x00000000fc280000,0x00000000fd37a810,0x00000000fd380000)
  to   space 25088K, 0% used [0x00000000faa00000,0x00000000faa00000,0x00000000fc280000)
 ParOldGen       total 111616K, used 46922K [0x00000000a0000000, 0x00000000a6d00000, 0x00000000e0000000)
  object space 111616K, 42% used [0x00000000a0000000,0x00000000a2dd2a00,0x00000000a6d00000)
 Metaspace       used 72418K, capacity 75070K, committed 75224K, reserved 1114112K
  class space    used 9940K, capacity 10479K, committed 10496K, reserved 1048576K
}
Event: 119.219 GC heap before
{Heap before GC invocations=22 (full 3):
 PSYoungGen      total 453632K, used 453610K [0x00000000e0000000, 0x00000000fe180000, 0x0000000100000000)
  eden space 436224K, 100% used [0x00000000e0000000,0x00000000faa00000,0x00000000faa00000)
  from space 17408K, 99% used [0x00000000fc280000,0x00000000fd37a810,0x00000000fd380000)
  to   space 25088K, 0% used [0x00000000faa00000,0x00000000faa00000,0x00000000fc280000)
 ParOldGen       total 111616K, used 46922K [0x00000000a0000000, 0x00000000a6d00000, 0x00000000e0000000)
  object space 111616K, 42% used [0x00000000a0000000,0x00000000a2dd2a00,0x00000000a6d00000)
 Metaspace       used 74009K, capacity 76756K, committed 76888K, reserved 1116160K
  class space    used 10041K, capacity 10580K, committed 10624K, reserved 1048576K
Event: 119.241 GC heap after
Heap after GC invocations=22 (full 3):
 PSYoungGen      total 461312K, used 24529K [0x00000000e0000000, 0x0000000100000000, 0x0000000100000000)
  eden space 436224K, 0% used [0x00000000e0000000,0x00000000e0000000,0x00000000faa00000)
  from space 25088K, 97% used [0x00000000faa00000,0x00000000fc1f4778,0x00000000fc280000)
  to   space 29184K, 0% used [0x00000000fe380000,0x00000000fe380000,0x0000000100000000)
 ParOldGen       total 111616K, used 46930K [0x00000000a0000000, 0x00000000a6d00000, 0x00000000e0000000)
  object space 111616K, 42% used [0x00000000a0000000,0x00000000a2dd4a00,0x00000000a6d00000)
 Metaspace       used 74009K, capacity 76756K, committed 76888K, reserved 1116160K
  class space    used 10041K, capacity 10580K, committed 10624K, reserved 1048576K
}

Deoptimization events (10 events):
Event: 6095.146 Thread 0x00000000189bf800 Uncommon trap: reason=class_check action=maybe_recompile pc=0x000000000340c658 method=org.gradle.launcher.daemon.server.SynchronizedDispatchConnection.dispatch(Ljava/lang/Object;)V @ 1
Event: 6095.178 Thread 0x00000000189bf800 Uncommon trap: reason=unstable_if action=reinterpret pc=0x0000000003ebd084 method=java.io.WinNTFileSystem.parentOrNull(Ljava/lang/String;)Ljava/lang/String; @ 62
Event: 6095.882 Thread 0x00000000189bf800 Uncommon trap: reason=unstable_if action=reinterpret pc=0x0000000002912708 method=java.util.Formatter$FormatSpecifier.conversion(Ljava/lang/String;)C @ 80
Event: 6099.255 Thread 0x00000000189bf800 Uncommon trap: reason=unstable_if action=reinterpret pc=0x0000000004264560 method=org.gradle.internal.logging.sink.OutputEventTransformer.onOutput(Lorg/gradle/internal/logging/events/OutputEvent;)V @ 84
Event: 6101.195 Thread 0x00000000189be000 Uncommon trap: reason=bimorphic action=maybe_recompile pc=0x000000000483a598 method=org.gradle.internal.event.AbstractBroadcastDispatch.dispatch(Lorg/gradle/internal/dispatch/MethodInvocation;Ljava/util/Iterator;)V @ 25
Event: 6102.176 Thread 0x00000000189bf800 Uncommon trap: reason=bimorphic action=maybe_recompile pc=0x00000000032fc28c method=java.io.DataInputStream.readChar()C @ 4
Event: 6103.079 Thread 0x00000000189bf800 Uncommon trap: reason=bimorphic action=maybe_recompile pc=0x000000000483a598 method=org.gradle.internal.event.AbstractBroadcastDispatch.dispatch(Lorg/gradle/internal/dispatch/MethodInvocation;Ljava/util/Iterator;)V @ 25
Event: 6103.079 Thread 0x00000000189bf800 Uncommon trap: reason=unstable_if action=reinterpret pc=0x000000000483a260 method=org.gradle.internal.event.DefaultListenerManager$EventBroadcast.startNotification(Z)Ljava/util/List; @ 5
Event: 6103.734 Thread 0x00000000189bf800 Uncommon trap: reason=unstable_if action=reinterpret pc=0x000000000381d5d8 method=org.gradle.internal.hash.HashCode.equals(Ljava/lang/Object;)Z @ 2
Event: 6110.788 Thread 0x00000000189bf800 Uncommon trap: reason=unstable_if action=reinterpret pc=0x00000000047a2930 method=java.lang.management.MemoryUsage.<init>(JJJJ)V @ 212

Classes redefined (0 events):
No events

Internal exceptions (10 events):
Event: 6101.868 Thread 0x00000000189bf800 Exception <a 'java/lang/NoSuchMethodError': <clinit>> (0x00000000f9265100) thrown at [C:\re\workspace\8-2-build-windows-amd64-cygwin\jdk8u221\13320\hotspot\src\share\vm\prims\jni.cpp, line 1614]
Event: 6101.899 Thread 0x00000000189bf800 Exception <a 'java/lang/NoSuchMethodError': <clinit>> (0x00000000f9272570) thrown at [C:\re\workspace\8-2-build-windows-amd64-cygwin\jdk8u221\13320\hotspot\src\share\vm\prims\jni.cpp, line 1614]
Event: 6102.336 Thread 0x00000000189bf800 Exception <a 'java/lang/NoSuchMethodError': <clinit>> (0x00000000f9388188) thrown at [C:\re\workspace\8-2-build-windows-amd64-cygwin\jdk8u221\13320\hotspot\src\share\vm\prims\jni.cpp, line 1614]
Event: 6102.336 Thread 0x00000000189bf800 Exception <a 'java/lang/NoSuchMethodError': <clinit>> (0x00000000f938c2c0) thrown at [C:\re\workspace\8-2-build-windows-amd64-cygwin\jdk8u221\13320\hotspot\src\share\vm\prims\jni.cpp, line 1614]
Event: 6102.336 Thread 0x00000000189bf800 Exception <a 'java/lang/NoSuchMethodError': <clinit>> (0x00000000f938dc48) thrown at [C:\re\workspace\8-2-build-windows-amd64-cygwin\jdk8u221\13320\hotspot\src\share\vm\prims\jni.cpp, line 1614]
Event: 6102.336 Thread 0x00000000189bf800 Exception <a 'java/lang/NoSuchMethodError': <clinit>> (0x00000000f938f148) thrown at [C:\re\workspace\8-2-build-windows-amd64-cygwin\jdk8u221\13320\hotspot\src\share\vm\prims\jni.cpp, line 1614]
Event: 6102.336 Thread 0x00000000189bf800 Exception <a 'java/lang/NoSuchMethodError': <clinit>> (0x00000000f9390898) thrown at [C:\re\workspace\8-2-build-windows-amd64-cygwin\jdk8u221\13320\hotspot\src\share\vm\prims\jni.cpp, line 1614]
Event: 6102.336 Thread 0x00000000189bf800 Exception <a 'java/lang/NoSuchMethodError': <clinit>> (0x00000000f9391e98) thrown at [C:\re\workspace\8-2-build-windows-amd64-cygwin\jdk8u221\13320\hotspot\src\share\vm\prims\jni.cpp, line 1614]
Event: 6102.336 Thread 0x00000000189bf800 Exception <a 'java/lang/NoSuchMethodError': <clinit>> (0x00000000f9393338) thrown at [C:\re\workspace\8-2-build-windows-amd64-cygwin\jdk8u221\13320\hotspot\src\share\vm\prims\jni.cpp, line 1614]
Event: 6110.751 Thread 0x00000000189bf800 Exception <a 'sun/nio/fs/WindowsException'> (0x00000000f9fe5308) thrown at [C:\re\workspace\8-2-build-windows-amd64-cygwin\jdk8u221\13320\hotspot\src\share\vm\prims\jni.cpp, line 710]

Events (10 events):
Event: 6111.916 loading class com/android/ide/common/build/SplitOutputMatcher
Event: 6111.916 loading class com/android/ide/common/build/SplitOutputMatcher done
Event: 6111.960 loading class com/android/build/VariantOutput
Event: 6111.960 loading class com/android/build/VariantOutput done
Event: 6111.970 loading class com/android/build/gradle/internal/scope/ApkData
Event: 6111.970 loading class com/android/build/gradle/internal/scope/ApkData done
Event: 6111.984 Thread 0x00000000189bf800 DEOPT PACKING pc=0x00000000033cf0bb sp=0x000000001b55a410
Event: 6111.984 Thread 0x00000000189bf800 DEOPT UNPACKING pc=0x00000000025b7890 sp=0x000000001b55a138 mode 0
Event: 6112.328 Executing VM operation: RevokeBias
Event: 6112.357 Executing VM operation: RevokeBias done


Dynamic libraries:
0x00007ff6e6ce0000 - 0x00007ff6e6d17000 	C:\Program Files\Java\jdk1.8.0_221\bin\java.exe
0x00007ffc98140000 - 0x00007ffc98330000 	C:\WINDOWS\SYSTEM32\ntdll.dll
0x00007ffc97920000 - 0x00007ffc979d2000 	C:\WINDOWS\System32\KERNEL32.DLL
0x00007ffc95470000 - 0x00007ffc95713000 	C:\WINDOWS\System32\KERNELBASE.dll
0x00007ffc97d20000 - 0x00007ffc97dc3000 	C:\WINDOWS\System32\ADVAPI32.dll
0x00007ffc97430000 - 0x00007ffc974ce000 	C:\WINDOWS\System32\msvcrt.dll
0x00007ffc97b30000 - 0x00007ffc97bc7000 	C:\WINDOWS\System32\sechost.dll
0x00007ffc979e0000 - 0x00007ffc97b00000 	C:\WINDOWS\System32\RPCRT4.dll
0x00007ffc974d0000 - 0x00007ffc97664000 	C:\WINDOWS\System32\USER32.dll
0x00007ffc961c0000 - 0x00007ffc961e1000 	C:\WINDOWS\System32\win32u.dll
0x00007ffc96750000 - 0x00007ffc96776000 	C:\WINDOWS\System32\GDI32.dll
0x00007ffc95180000 - 0x00007ffc95314000 	C:\WINDOWS\System32\gdi32full.dll
0x00007ffc95740000 - 0x00007ffc957de000 	C:\WINDOWS\System32\msvcp_win.dll
0x00007ffc958f0000 - 0x00007ffc959ea000 	C:\WINDOWS\System32\ucrtbase.dll
0x00007ffc84840000 - 0x00007ffc84ac5000 	C:\WINDOWS\WinSxS\amd64_microsoft.windows.common-controls_6595b64144ccf1df_6.0.18362.592_none_e6c0b1911312be02\COMCTL32.dll
0x00007ffc96410000 - 0x00007ffc96746000 	C:\WINDOWS\System32\combase.dll
0x00007ffc957e0000 - 0x00007ffc95860000 	C:\WINDOWS\System32\bcryptPrimitives.dll
0x00007ffc97b00000 - 0x00007ffc97b2e000 	C:\WINDOWS\System32\IMM32.DLL
0x0000000063170000 - 0x0000000063242000 	C:\Program Files\Java\jdk1.8.0_221\jre\bin\msvcr100.dll
0x0000000061e40000 - 0x00000000626e5000 	C:\Program Files\Java\jdk1.8.0_221\jre\bin\server\jvm.dll
0x00007ffc97d10000 - 0x00007ffc97d18000 	C:\WINDOWS\System32\PSAPI.DLL
0x00007ffc93b20000 - 0x00007ffc93b2a000 	C:\WINDOWS\SYSTEM32\VERSION.dll
0x00007ffc916d0000 - 0x00007ffc916f4000 	C:\WINDOWS\SYSTEM32\WINMM.dll
0x00007ffc7d580000 - 0x00007ffc7d589000 	C:\WINDOWS\SYSTEM32\WSOCK32.dll
0x00007ffc977a0000 - 0x00007ffc9780f000 	C:\WINDOWS\System32\WS2_32.dll
0x00007ffc916a0000 - 0x00007ffc916cd000 	C:\WINDOWS\SYSTEM32\winmmbase.dll
0x00007ffc96170000 - 0x00007ffc961ba000 	C:\WINDOWS\System32\cfgmgr32.dll
0x00007ffc90010000 - 0x00007ffc9001f000 	C:\Program Files\Java\jdk1.8.0_221\jre\bin\verify.dll
0x00007ffc8ffe0000 - 0x00007ffc90009000 	C:\Program Files\Java\jdk1.8.0_221\jre\bin\java.dll
0x00007ffc8ffc0000 - 0x00007ffc8ffd6000 	C:\Program Files\Java\jdk1.8.0_221\jre\bin\zip.dll
0x00007ffc96790000 - 0x00007ffc96e75000 	C:\WINDOWS\System32\SHELL32.dll
0x00007ffc972f0000 - 0x00007ffc97399000 	C:\WINDOWS\System32\shcore.dll
0x00007ffc959f0000 - 0x00007ffc9616f000 	C:\WINDOWS\System32\windows.storage.dll
0x00007ffc95040000 - 0x00007ffc9505f000 	C:\WINDOWS\System32\profapi.dll
0x00007ffc95080000 - 0x00007ffc950ca000 	C:\WINDOWS\System32\powrprof.dll
0x00007ffc95010000 - 0x00007ffc95020000 	C:\WINDOWS\System32\UMPDC.dll
0x00007ffc978c0000 - 0x00007ffc97912000 	C:\WINDOWS\System32\shlwapi.dll
0x00007ffc95060000 - 0x00007ffc95071000 	C:\WINDOWS\System32\kernel.appcore.dll
0x00007ffc95720000 - 0x00007ffc95737000 	C:\WINDOWS\System32\cryptsp.dll
0x00007ffc8ffa0000 - 0x00007ffc8ffba000 	C:\Program Files\Java\jdk1.8.0_221\jre\bin\net.dll
0x00007ffc8b420000 - 0x00007ffc8b5f6000 	C:\WINDOWS\SYSTEM32\urlmon.dll
0x00007ffc843a0000 - 0x00007ffc84646000 	C:\WINDOWS\SYSTEM32\iertutil.dll
0x00007ffc94a50000 - 0x00007ffc94a5c000 	C:\WINDOWS\SYSTEM32\CRYPTBASE.DLL
0x00007ffc94880000 - 0x00007ffc948e7000 	C:\WINDOWS\system32\mswsock.dll
0x00007ffc8ff80000 - 0x00007ffc8ff92000 	C:\Program Files\Java\jdk1.8.0_221\jre\bin\nio.dll
0x00007ffc821c0000 - 0x00007ffc821e6000 	C:\Users\Naveen\.gradle\native\30\windows-amd64\native-platform.dll
0x00007ffc72620000 - 0x00007ffc7262d000 	C:\Program Files\Java\jdk1.8.0_221\jre\bin\management.dll
0x00007ffc94390000 - 0x00007ffc943c3000 	C:\WINDOWS\system32\rsaenh.dll
0x00007ffc95860000 - 0x00007ffc95886000 	C:\WINDOWS\System32\bcrypt.dll
0x00007ffc94f30000 - 0x00007ffc94f55000 	C:\WINDOWS\SYSTEM32\USERENV.dll
0x00007ffc94530000 - 0x00007ffc9456a000 	C:\WINDOWS\SYSTEM32\IPHLPAPI.DLL
0x00007ffc97420000 - 0x00007ffc97428000 	C:\WINDOWS\System32\NSI.dll
0x00007ffc8bcf0000 - 0x00007ffc8bd06000 	C:\WINDOWS\SYSTEM32\dhcpcsvc6.DLL
0x00007ffc8dc90000 - 0x00007ffc8dcac000 	C:\WINDOWS\SYSTEM32\dhcpcsvc.DLL
0x00007ffc94570000 - 0x00007ffc9463a000 	C:\WINDOWS\SYSTEM32\DNSAPI.dll
0x00007ffc82190000 - 0x00007ffc821b4000 	C:\Program Files\Java\jdk1.8.0_221\jre\bin\sunec.dll
0x00007ffc82130000 - 0x00007ffc8213a000 	C:\Windows\System32\rasadhlp.dll
0x00007ffc8bc70000 - 0x00007ffc8bce7000 	C:\WINDOWS\System32\fwpuclnt.dll
0x00007ffc90f20000 - 0x00007ffc90f2b000 	C:\Program Files\Java\jdk1.8.0_221\jre\bin\sunmscapi.dll
0x00007ffc95320000 - 0x00007ffc95469000 	C:\WINDOWS\System32\CRYPT32.dll
0x00007ffc95020000 - 0x00007ffc95032000 	C:\WINDOWS\System32\MSASN1.dll
0x00007ffc94070000 - 0x00007ffc940a1000 	C:\WINDOWS\SYSTEM32\ntmarta.dll

VM Arguments:
jvm_args: -Xmx1536m -Dfile.encoding=windows-1252 -Duser.country=US -Duser.language=en -Duser.variant 
java_command: org.gradle.launcher.daemon.bootstrap.GradleDaemon 5.6.4
java_class_path (initial): C:\Users\Naveen\.gradle\wrapper\dists\gradle-5.6.4-all\ankdp27end7byghfw1q2sw75f\gradle-5.6.4\lib\gradle-launcher-5.6.4.jar
Launcher Type: SUN_STANDARD

Environment Variables:
JAVA_HOME=C:\Program Files\Java\jdk1.8.0_221
CLASSPATH=.;
PATH=C:\Python27\;C:\Python27\Scripts;C:\Windows\system32;C:\Windows;C:\Windows\System32\Wbem;C:\Windows\System32\WindowsPowerShell\v1.0\;C:\Windows\System32\OpenSSH\;C:\Program Files\NVIDIA Corporation\NVIDIA NvDLISR;C:\ProgramData\chocolatey\bin;C:\Program Files\nodejs\;C:\Program Files\Java\jdk1.8.0_221\bin;C:\Program Files (x86)\NVIDIA Corporation\PhysX\Common;C:\Program Files (x86)\Yarn\bin\;C:\Program Files\Sublime Text 3;C:\Program Files\Git\cmd;C:\WINDOWS\system32;C:\WINDOWS;C:\WINDOWS\System32\Wbem;C:\WINDOWS\System32\WindowsPowerShell\v1.0\;C:\WINDOWS\System32\OpenSSH\;C:\Users\Naveen\AppData\Local\Programs\Python\Python38-32\Scripts\;C:\Users\Naveen\AppData\Local\Programs\Python\Python38-32\;C:\Users\Naveen\AppData\Local\Microsoft\WindowsApps;C:\Users\Naveen\AppData\Roaming\npm;C:\Users\Naveen\AppData\Local\Android\Sdk\platform-tools;C:\Users\Naveen\AppData\Local\Yarn\bin;C:\Program Files\Sublime Text 3;;C:\Users\Naveen\AppData\Local\Programs\Microsoft VS Code\bin
USERNAME=Naveen
OS=Windows_NT
PROCESSOR_IDENTIFIER=Intel64 Family 6 Model 158 Stepping 9, GenuineIntel



---------------  S Y S T E M  ---------------

OS: Windows 10.0 , 64 bit Build 18362 (10.0.18362.329)

CPU:total 4 (initial active 4) (4 cores per cpu, 1 threads per core) family 6 model 158 stepping 9, cmov, cx8, fxsr, mmx, sse, sse2, sse3, ssse3, sse4.1, sse4.2, popcnt, avx, avx2, aes, clmul, erms, 3dnowpref, lzcnt, tsc, tscinvbit, bmi1, bmi2, adx

Memory: 4k page, physical 8021124k(1509696k free), swap 23557736k(0k free)

vm_info: Java HotSpot(TM) 64-Bit Server VM (25.221-b11) for windows-amd64 JRE (1.8.0_221-b11), built on Jul  4 2019 04:39:29 by "java_re" with MS VC++ 10.0 (VS2010)

time: Tue Mar 03 14:19:02 2020
timezone: India Standard Time
elapsed time: 6112 seconds (0d 1h 41m 52s)

